Added Component: Designator=C1(CAP_10UF_16V)
Add component. Clean all parameters for all variants
Add component (AddParameter): Name = "Description 1"; Value = "10 => 220uF/6,3V/10V - 10uF => 100uF/16V"; VariantName = "[No Variations]"
Add component (AddParameter): Name = "Description 2"; Value = "0,1uF => 33uF/50V - 10uF => 22uF/63V"; VariantName = "[No Variations]"
Add component (AddParameter): Name = "Description 3"; Value = "0,47uF => 10uF/100V"; VariantName = "[No Variations]"
Add component (AddParameter): Name = "Value"; Value = "10uF/50V"; VariantName = "[No Variations]"
Added Component: Designator=C2(CAPNTO2.54-3.05x1.78A)
Add component. Clean all parameters for all variants
Add component (AddParameter): Name = "ComponentLink1Description"; Value = "Datasheet"; VariantName = "[No Variations]"
Add component (AddParameter): Name = "ComponentLink1URL"; Value = "D:\Dropbox\Datasheets\Passive Components\Capacitors\AVX Disc Ceramic Capacitors.pdf"; VariantName = "[No Variations]"
Add component (AddParameter): Name = "Unit Price"; Value = "0.003"; VariantName = "[No Variations]"
Add component (AddParameter): Name = "Value"; Value = "152"; VariantName = "[No Variations]"
Added Component: Designator=IC1(LM555)
Add component. Clean all parameters for all variants
Add component (AddParameter): Name = "Value"; Value = "LM555"; VariantName = "[No Variations]"
Added Component: Designator=JP1(CON2)
Add component. Clean all parameters for all variants
Add component (AddParameter): Name = "Value"; Value = "Connector 2"; VariantName = "[No Variations]"
Added Component: Designator=LED hong ngoai(LED5R)
Add component. Clean all parameters for all variants
Add component (AddParameter): Name = "ComponentLink1Description"; Value = "Datasheet"; VariantName = "[No Variations]"
Add component (AddParameter): Name = "ComponentLink1URL"; Value = "D:\Dropbox\Datasheets\Opto and Illumination\LEDs\LT0055.pdf"; VariantName = "[No Variations]"
Add component (AddParameter): Name = "Unit Price"; Value = "0.0077"; VariantName = "[No Variations]"
Add component (AddParameter): Name = "Value"; Value = "Red"; VariantName = "[No Variations]"
Added Component: Designator=R1(RES 1/4W CFR25)
Add component. Clean all parameters for all variants
Add component (AddParameter): Name = "10"; Value = "10"; VariantName = "[No Variations]"
Add component (AddParameter): Name = "ComponentLink1Description"; Value = "Datasheet"; VariantName = "[No Variations]"
Add component (AddParameter): Name = "ComponentLink1URL"; Value = "D:\Dropbox\Datasheets\Passive Components\Resistors\Carbon Film Resistor.pdf"; VariantName = "[No Variations]"
Add component (AddParameter): Name = "Unit Price"; Value = "0.001"; VariantName = "[No Variations]"
Added Component: Designator=R2(RES 1/4W CFR25)
Add component. Clean all parameters for all variants
Add component (AddParameter): Name = "10k"; Value = "10K"; VariantName = "[No Variations]"
Add component (AddParameter): Name = "ComponentLink1Description"; Value = "Datasheet"; VariantName = "[No Variations]"
Add component (AddParameter): Name = "ComponentLink1URL"; Value = "D:\Dropbox\Datasheets\Passive Components\Resistors\Carbon Film Resistor.pdf"; VariantName = "[No Variations]"
Add component (AddParameter): Name = "Unit Price"; Value = "0.001"; VariantName = "[No Variations]"
Added Component: Designator=R3(RES 1/4W CFR25)
Add component. Clean all parameters for all variants
Add component (AddParameter): Name = "10k"; Value = "10K"; VariantName = "[No Variations]"
Add component (AddParameter): Name = "ComponentLink1Description"; Value = "Datasheet"; VariantName = "[No Variations]"
Add component (AddParameter): Name = "ComponentLink1URL"; Value = "D:\Dropbox\Datasheets\Passive Components\Resistors\Carbon Film Resistor.pdf"; VariantName = "[No Variations]"
Add component (AddParameter): Name = "Unit Price"; Value = "0.001"; VariantName = "[No Variations]"
Added Pin To Net: NetName=5V Pin=C1-1
Added Pin To Net: NetName=5V Pin=IC1-4
Added Pin To Net: NetName=5V Pin=IC1-8
Added Pin To Net: NetName=5V Pin=JP1-1
Added Pin To Net: NetName=5V Pin=R1-2
Added Pin To Net: NetName=5V Pin=R2-2
Added Net: Name=5V
Added Pin To Net: NetName=GND Pin=C1-2
Added Pin To Net: NetName=GND Pin=C2-1
Added Pin To Net: NetName=GND Pin=IC1-1
Added Pin To Net: NetName=GND Pin=JP1-2
Added Net: Name=GND
Added Pin To Net: NetName=NetC2_2 Pin=C2-2
Added Pin To Net: NetName=NetC2_2 Pin=IC1-2
Added Pin To Net: NetName=NetC2_2 Pin=IC1-6
Added Pin To Net: NetName=NetC2_2 Pin=R3-1
Added Net: Name=NetC2_2
Added Pin To Net: NetName=NetIC1_3 Pin=IC1-3
Added Pin To Net: NetName=NetIC1_3 Pin=LED hong ngoai-2
Added Net: Name=NetIC1_3
Added Pin To Net: NetName=NetIC1_7 Pin=IC1-7
Added Pin To Net: NetName=NetIC1_7 Pin=R2-1
Added Pin To Net: NetName=NetIC1_7 Pin=R3-2
Added Net: Name=NetIC1_7
Added Pin To Net: NetName=NetLED hong ngoai_1 Pin=LED hong ngoai-1
Added Pin To Net: NetName=NetLED hong ngoai_1 Pin=R1-1
Added Net: Name=NetLED hong ngoai_1
Added Class: Name=MACH_PHAT
Added Room: Name=MACH_PHAT
